<?xml version="1.0" encoding="UTF-8" ?>
<testsuite tests="32" failures="0" name="cz.muni.fi.pv168.pokemonmanager.ReservationManagerImplTest" time="5.525" errors="0" skipped="0">
  <properties>
    <property name="java.runtime.name" value="Java(TM) SE Runtime Environment"/>
    <property name="sun.boot.library.path" value="C:\Program Files\Java\jdk1.8.0_161\jre\bin"/>
    <property name="java.vm.version" value="25.161-b12"/>
    <property name="java.vm.vendor" value="Oracle Corporation"/>
    <property name="java.vendor.url" value="http://java.oracle.com/"/>
    <property name="path.separator" value=";"/>
    <property name="guice.disable.misplaced.annotation.check" value="true"/>
    <property name="java.vm.name" value="Java HotSpot(TM) 64-Bit Server VM"/>
    <property name="file.encoding.pkg" value="sun.io"/>
    <property name="user.script" value=""/>
    <property name="user.country" value="US"/>
    <property name="sun.java.launcher" value="SUN_STANDARD"/>
    <property name="sun.os.patch.level" value=""/>
    <property name="java.vm.specification.name" value="Java Virtual Machine Specification"/>
    <property name="user.dir" value="C:\Users\trnka\Desktop\PV168-project-pokemon-reservation-master-1517393510384abfd32eef2d65a9acd80e7f7a10\pokemonParentProject"/>
    <property name="java.runtime.version" value="1.8.0_161-b12"/>
    <property name="java.awt.graphicsenv" value="sun.awt.Win32GraphicsEnvironment"/>
    <property name="java.endorsed.dirs" value="C:\Program Files\Java\jdk1.8.0_161\jre\lib\endorsed"/>
    <property name="os.arch" value="amd64"/>
    <property name="java.io.tmpdir" value="C:\Users\trnka\AppData\Local\Temp\"/>
    <property name="line.separator" value="
"/>
    <property name="java.vm.specification.vendor" value="Oracle Corporation"/>
    <property name="user.variant" value=""/>
    <property name="os.name" value="Windows 10"/>
    <property name="maven.ext.class.path" value="C:\Program Files\NetBeans 8.2\java\maven-nblib\netbeans-eventspy.jar"/>
    <property name="classworlds.conf" value="C:\Program Files\NetBeans 8.2\java\maven\bin\m2.conf"/>
    <property name="sun.jnu.encoding" value="Cp1252"/>
    <property name="java.library.path" value="C:\Program Files\Java\jdk1.8.0_161\bin;C:\WINDOWS\Sun\Java\bin;C:\WINDOWS\system32;C:\WINDOWS;C:\ProgramData\Oracle\Java\javapath;C:\WINDOWS\system32;C:\WINDOWS;C:\WINDOWS\System32\Wbem;C:\WINDOWS\System32\WindowsPowerShell\v1.0\;C:\Program Files\Java\jdk1.8.0_161\bin;C:\Program Files\Git\cmd;C:\TDM-GCC-64\bin;C:\Program Files\doxygen\bin;C:\Program Files\PuTTY\;C:\Program Files\MiKTeX 2.9\miktex\bin\x64\;C:\Users\trnka\AppData\Local\Microsoft\WindowsApps;C:\Program Files\CMake\bin;C:\Program Files (x86)\Dr. Memory\bin\;C:\Qt\5.10.1\mingw53_32\bin;;."/>
    <property name="java.specification.name" value="Java Platform API Specification"/>
    <property name="java.class.version" value="52.0"/>
    <property name="sun.management.compiler" value="HotSpot 64-Bit Tiered Compilers"/>
    <property name="os.version" value="10.0"/>
    <property name="user.home" value="C:\Users\trnka"/>
    <property name="user.timezone" value="Europe/Prague"/>
    <property name="java.awt.printerjob" value="sun.awt.windows.WPrinterJob"/>
    <property name="java.specification.version" value="1.8"/>
    <property name="file.encoding" value="UTF-8"/>
    <property name="user.name" value="trnka"/>
    <property name="java.class.path" value="C:\Program Files\NetBeans 8.2\java\maven\boot\plexus-classworlds-2.4.jar"/>
    <property name="java.vm.specification.version" value="1.8"/>
    <property name="sun.arch.data.model" value="64"/>
    <property name="java.home" value="C:\Program Files\Java\jdk1.8.0_161\jre"/>
    <property name="sun.java.command" value="org.codehaus.plexus.classworlds.launcher.Launcher -Dmaven.ext.class.path=C:\Program Files\NetBeans 8.2\java\maven-nblib\netbeans-eventspy.jar -Dfile.encoding=UTF-8 clean install"/>
    <property name="java.specification.vendor" value="Oracle Corporation"/>
    <property name="user.language" value="en"/>
    <property name="awt.toolkit" value="sun.awt.windows.WToolkit"/>
    <property name="java.vm.info" value="mixed mode"/>
    <property name="java.version" value="1.8.0_161"/>
    <property name="java.ext.dirs" value="C:\Program Files\Java\jdk1.8.0_161\jre\lib\ext;C:\WINDOWS\Sun\Java\lib\ext"/>
    <property name="sun.boot.class.path" value="C:\Program Files\Java\jdk1.8.0_161\jre\lib\resources.jar;C:\Program Files\Java\jdk1.8.0_161\jre\lib\rt.jar;C:\Program Files\Java\jdk1.8.0_161\jre\lib\sunrsasign.jar;C:\Program Files\Java\jdk1.8.0_161\jre\lib\jsse.jar;C:\Program Files\Java\jdk1.8.0_161\jre\lib\jce.jar;C:\Program Files\Java\jdk1.8.0_161\jre\lib\charsets.jar;C:\Program Files\Java\jdk1.8.0_161\jre\lib\jfr.jar;C:\Program Files\Java\jdk1.8.0_161\jre\classes"/>
    <property name="java.vendor" value="Oracle Corporation"/>
    <property name="maven.home" value="C:\Program Files\NetBeans 8.2\java\maven"/>
    <property name="file.separator" value="\"/>
    <property name="java.vendor.url.bug" value="http://bugreport.sun.com/bugreport/"/>
    <property name="sun.cpu.endian" value="little"/>
    <property name="sun.io.unicode.encoding" value="UnicodeLittle"/>
    <property name="sun.desktop" value="windows"/>
    <property name="sun.cpu.isalist" value="amd64"/>
  </properties>
  <testcase classname="cz.muni.fi.pv168.pokemonmanager.ReservationManagerImplTest" name="deleteTestNullReservation" time="0.298"/>
  <testcase classname="cz.muni.fi.pv168.pokemonmanager.ReservationManagerImplTest" name="testNullIdCustomer" time="0.199"/>
  <testcase classname="cz.muni.fi.pv168.pokemonmanager.ReservationManagerImplTest" name="testFindNullPokemon" time="0.161"/>
  <testcase classname="cz.muni.fi.pv168.pokemonmanager.ReservationManagerImplTest" name="updateTestNullIdPokemon" time="0.181"/>
  <testcase classname="cz.muni.fi.pv168.pokemonmanager.ReservationManagerImplTest" name="testInvalidDate" time="0.162"/>
  <testcase classname="cz.muni.fi.pv168.pokemonmanager.ReservationManagerImplTest" name="testRightDelete" time="0.214"/>
  <testcase classname="cz.muni.fi.pv168.pokemonmanager.ReservationManagerImplTest" name="testFindNullIdCustomer" time="0.183"/>
  <testcase classname="cz.muni.fi.pv168.pokemonmanager.ReservationManagerImplTest" name="testFindPokemonReservation" time="0.203"/>
  <testcase classname="cz.muni.fi.pv168.pokemonmanager.ReservationManagerImplTest" name="testNullReservation" time="0.168"/>
  <testcase classname="cz.muni.fi.pv168.pokemonmanager.ReservationManagerImplTest" name="updateTestNullReservation" time="0.164"/>
  <testcase classname="cz.muni.fi.pv168.pokemonmanager.ReservationManagerImplTest" name="testNullFrom" time="0.197"/>
  <testcase classname="cz.muni.fi.pv168.pokemonmanager.ReservationManagerImplTest" name="testRightUpdate" time="0.215"/>
  <testcase classname="cz.muni.fi.pv168.pokemonmanager.ReservationManagerImplTest" name="testCreatingReservations" time="0.163"/>
  <testcase classname="cz.muni.fi.pv168.pokemonmanager.ReservationManagerImplTest" name="updateTestInvalidDate" time="0.151"/>
  <testcase classname="cz.muni.fi.pv168.pokemonmanager.ReservationManagerImplTest" name="testFindNullCustomer" time="0.168"/>
  <testcase classname="cz.muni.fi.pv168.pokemonmanager.ReservationManagerImplTest" name="deleteTestNullId" time="0.158"/>
  <testcase classname="cz.muni.fi.pv168.pokemonmanager.ReservationManagerImplTest" name="updateTestNullIdCustomer" time="0.156"/>
  <testcase classname="cz.muni.fi.pv168.pokemonmanager.ReservationManagerImplTest" name="updateTestNullId" time="0.151"/>
  <testcase classname="cz.muni.fi.pv168.pokemonmanager.ReservationManagerImplTest" name="updateTestNullTo" time="0.164"/>
  <testcase classname="cz.muni.fi.pv168.pokemonmanager.ReservationManagerImplTest" name="testAssignedId" time="0.157"/>
  <testcase classname="cz.muni.fi.pv168.pokemonmanager.ReservationManagerImplTest" name="testNullPokemon" time="0.155"/>
  <testcase classname="cz.muni.fi.pv168.pokemonmanager.ReservationManagerImplTest" name="testFindNullIdPokemon" time="0.163"/>
  <testcase classname="cz.muni.fi.pv168.pokemonmanager.ReservationManagerImplTest" name="getRightReservation" time="0.172"/>
  <testcase classname="cz.muni.fi.pv168.pokemonmanager.ReservationManagerImplTest" name="testFindAllReservation" time="0.175"/>
  <testcase classname="cz.muni.fi.pv168.pokemonmanager.ReservationManagerImplTest" name="testNullCustomer" time="0.143"/>
  <testcase classname="cz.muni.fi.pv168.pokemonmanager.ReservationManagerImplTest" name="updateTestNullPokemon" time="0.169"/>
  <testcase classname="cz.muni.fi.pv168.pokemonmanager.ReservationManagerImplTest" name="testNullId" time="0.143"/>
  <testcase classname="cz.muni.fi.pv168.pokemonmanager.ReservationManagerImplTest" name="testNullTo" time="0.163"/>
  <testcase classname="cz.muni.fi.pv168.pokemonmanager.ReservationManagerImplTest" name="testFindCustomerReservation" time="0.178"/>
  <testcase classname="cz.muni.fi.pv168.pokemonmanager.ReservationManagerImplTest" name="updateTestNullCustomer" time="0.151"/>
  <testcase classname="cz.muni.fi.pv168.pokemonmanager.ReservationManagerImplTest" name="testNullIdPokemon" time="0.147"/>
  <testcase classname="cz.muni.fi.pv168.pokemonmanager.ReservationManagerImplTest" name="updateTestNullFrom" time="0.151"/>
</testsuite>